Building DAG of jobs...
Using shell: /bin/bash
Provided cores: 4
Rules claiming more threads will be scaled down.
Job stats:
job          count    min threads    max threads
---------  -------  -------------  -------------
align_bt2        4              1              1
all              1              1              1
total            5              1              1

Resources before job selection: {'_cores': 4, '_nodes': 9223372036854775807}
Ready jobs (4):
	align_bt2
	align_bt2
	align_bt2
	align_bt2
Select jobs to execute...
Selected jobs (4):
	align_bt2
	align_bt2
	align_bt2
	align_bt2
Resources after job selection: {'_cores': 0, '_nodes': 9223372036854775803}

[Wed Aug 31 09:13:14 2022]
rule align_bt2:
    input: test/fastq_atac_proc/lib001_flex_1.fastq.gz, test/fastq_atac_proc/lib001_flex_2.fastq.gz
    output: testbam_atac_raw/lib001.bam
    log: test/logs/lib001_align_bt2.log
    jobid: 9
    wildcards: library=lib001
    resources: tmpdir=/tmp


        workflow/scripts/align_bt2.sh         test/fastq_atac_proc/lib001_flex_1.fastq.gz         test/fastq_atac_proc/lib001_flex_2.fastq.gz         test/ref/ucsc_mm10_chr19/ucsc_mm10_chr19         4         testbam_atac_raw/lib001.bam
        
 singularity  exec --home /home/jeszyman/repos/atac-seq --bind /home/jeszyman:/home/jeszyman --bind /mnt:/mnt /home/jeszyman/sing_containers/atac.1.1.0.sif bash -c 'set -euo pipefail;  
        workflow/scripts/align_bt2.sh         test/fastq_atac_proc/lib001_flex_1.fastq.gz         test/fastq_atac_proc/lib001_flex_2.fastq.gz         test/ref/ucsc_mm10_chr19/ucsc_mm10_chr19         4         testbam_atac_raw/lib001.bam'
Activating singularity image /home/jeszyman/sing_containers/atac.1.1.0.sif

[Wed Aug 31 09:13:14 2022]
rule align_bt2:
    input: test/fastq_atac_proc/lib004_flex_1.fastq.gz, test/fastq_atac_proc/lib004_flex_2.fastq.gz
    output: testbam_atac_raw/lib004.bam
    log: test/logs/lib004_align_bt2.log
    jobid: 12
    wildcards: library=lib004
    resources: tmpdir=/tmp


        workflow/scripts/align_bt2.sh         test/fastq_atac_proc/lib004_flex_1.fastq.gz         test/fastq_atac_proc/lib004_flex_2.fastq.gz         test/ref/ucsc_mm10_chr19/ucsc_mm10_chr19         4         testbam_atac_raw/lib004.bam
        

[Wed Aug 31 09:13:14 2022]
 singularity  exec --home /home/jeszyman/repos/atac-seq --bind /home/jeszyman:/home/jeszyman --bind /mnt:/mnt /home/jeszyman/sing_containers/atac.1.1.0.sif bash -c 'set -euo pipefail;  
        workflow/scripts/align_bt2.sh         test/fastq_atac_proc/lib004_flex_1.fastq.gz         test/fastq_atac_proc/lib004_flex_2.fastq.gz         test/ref/ucsc_mm10_chr19/ucsc_mm10_chr19         4         testbam_atac_raw/lib004.bam'
rule align_bt2:
    input: test/fastq_atac_proc/lib003_flex_1.fastq.gz, test/fastq_atac_proc/lib003_flex_2.fastq.gz
    output: testbam_atac_raw/lib003.bam
    log: test/logs/lib003_align_bt2.log
    jobid: 11
    wildcards: library=lib003
    resources: tmpdir=/tmp
Activating singularity image /home/jeszyman/sing_containers/atac.1.1.0.sif


        workflow/scripts/align_bt2.sh         test/fastq_atac_proc/lib003_flex_1.fastq.gz         test/fastq_atac_proc/lib003_flex_2.fastq.gz         test/ref/ucsc_mm10_chr19/ucsc_mm10_chr19         4         testbam_atac_raw/lib003.bam
        

[Wed Aug 31 09:13:14 2022]
 singularity  exec --home /home/jeszyman/repos/atac-seq --bind /home/jeszyman:/home/jeszyman --bind /mnt:/mnt /home/jeszyman/sing_containers/atac.1.1.0.sif bash -c 'set -euo pipefail;  
        workflow/scripts/align_bt2.sh         test/fastq_atac_proc/lib003_flex_1.fastq.gz         test/fastq_atac_proc/lib003_flex_2.fastq.gz         test/ref/ucsc_mm10_chr19/ucsc_mm10_chr19         4         testbam_atac_raw/lib003.bam'
rule align_bt2:
    input: test/fastq_atac_proc/lib002_flex_1.fastq.gz, test/fastq_atac_proc/lib002_flex_2.fastq.gz
    output: testbam_atac_raw/lib002.bam
    log: test/logs/lib002_align_bt2.log
    jobid: 10
    wildcards: library=lib002
    resources: tmpdir=/tmp
Activating singularity image /home/jeszyman/sing_containers/atac.1.1.0.sif


        workflow/scripts/align_bt2.sh         test/fastq_atac_proc/lib002_flex_1.fastq.gz         test/fastq_atac_proc/lib002_flex_2.fastq.gz         test/ref/ucsc_mm10_chr19/ucsc_mm10_chr19         4         testbam_atac_raw/lib002.bam
        
 singularity  exec --home /home/jeszyman/repos/atac-seq --bind /home/jeszyman:/home/jeszyman --bind /mnt:/mnt /home/jeszyman/sing_containers/atac.1.1.0.sif bash -c 'set -euo pipefail;  
        workflow/scripts/align_bt2.sh         test/fastq_atac_proc/lib002_flex_1.fastq.gz         test/fastq_atac_proc/lib002_flex_2.fastq.gz         test/ref/ucsc_mm10_chr19/ucsc_mm10_chr19         4         testbam_atac_raw/lib002.bam'
Activating singularity image /home/jeszyman/sing_containers/atac.1.1.0.sif
Terminating processes on user request, this might take some time.
Full Traceback (most recent call last):
  File "/opt/miniconda3/envs/snakemake/lib/python3.10/site-packages/snakemake/scheduler.py", line 436, in schedule
    self._open_jobs.acquire()
  File "/opt/miniconda3/envs/snakemake/lib/python3.10/threading.py", line 460, in acquire
    self._cond.wait(timeout)
  File "/opt/miniconda3/envs/snakemake/lib/python3.10/threading.py", line 320, in wait
    waiter.acquire()
KeyboardInterrupt

During handling of the above exception, another exception occurred:

Traceback (most recent call last):
  File "/opt/miniconda3/envs/snakemake/lib/python3.10/site-packages/snakemake/__init__.py", line 699, in snakemake
    success = workflow.execute(
  File "/opt/miniconda3/envs/snakemake/lib/python3.10/site-packages/snakemake/workflow.py", line 1069, in execute
    success = self.scheduler.schedule()
  File "/opt/miniconda3/envs/snakemake/lib/python3.10/site-packages/snakemake/scheduler.py", line 521, in schedule
    self._executor.cancel()
  File "/opt/miniconda3/envs/snakemake/lib/python3.10/site-packages/snakemake/executors/__init__.py", line 587, in cancel
    self.pool.shutdown()
  File "/opt/miniconda3/envs/snakemake/lib/python3.10/concurrent/futures/thread.py", line 229, in shutdown
    t.join()
  File "/opt/miniconda3/envs/snakemake/lib/python3.10/threading.py", line 1089, in join
    self._wait_for_tstate_lock()
  File "/opt/miniconda3/envs/snakemake/lib/python3.10/threading.py", line 1105, in _wait_for_tstate_lock
    elif lock.acquire(block, timeout):
KeyboardInterrupt

Cancelling snakemake on user request.
unlocking
removing lock
removing lock
removed all locks
