Full Traceback (most recent call last):
  File "/opt/miniconda3/envs/snakemake/lib/python3.9/site-packages/snakemake/parser.py", line 105, in consume
    for t, orig in self.state(token):
  File "/opt/miniconda3/envs/snakemake/lib/python3.9/site-packages/snakemake/parser.py", line 179, in block
    yield from self.block_content(token)
  File "/opt/miniconda3/envs/snakemake/lib/python3.9/site-packages/snakemake/parser.py", line 758, in block_content
    for t in self.subautomaton(
  File "/opt/miniconda3/envs/snakemake/lib/python3.9/site-packages/snakemake/parser.py", line 102, in consume
    for token in self.snakefile:
  File "/opt/miniconda3/envs/snakemake/lib/python3.9/site-packages/snakemake/parser.py", line 1167, in __next__
    return next(self.tokens)
  File "/opt/miniconda3/envs/snakemake/lib/python3.9/tokenize.py", line 521, in _tokenize
    raise TokenError("EOF in multi-line statement", (lnum, 0))
tokenize.TokenError: ('EOF in multi-line statement', (40, 0))

During handling of the above exception, another exception occurred:

Traceback (most recent call last):
  File "/opt/miniconda3/envs/snakemake/lib/python3.9/site-packages/snakemake/__init__.py", line 593, in snakemake
    workflow.include(
  File "/opt/miniconda3/envs/snakemake/lib/python3.9/site-packages/snakemake/workflow.py", line 1164, in include
    code, linemap, rulecount = parse(
  File "/opt/miniconda3/envs/snakemake/lib/python3.9/site-packages/snakemake/parser.py", line 1194, in parse
    for t, orig_token in automaton.consume():
  File "/opt/miniconda3/envs/snakemake/lib/python3.9/site-packages/snakemake/parser.py", line 105, in consume
    for t, orig in self.state(token):
  File "/opt/miniconda3/envs/snakemake/lib/python3.9/site-packages/snakemake/parser.py", line 1146, in python
    for t in self.subautomaton(token.string).consume():
  File "/opt/miniconda3/envs/snakemake/lib/python3.9/site-packages/snakemake/parser.py", line 111, in consume
    self.error(
  File "/opt/miniconda3/envs/snakemake/lib/python3.9/site-packages/snakemake/parser.py", line 116, in error
    raise SyntaxError(msg, (self.snakefile.path, lineno(token), None, None))
  File "/home/jeszyman/repos/atac-seq/workflow/tmp.smk", line 32
SyntaxError: EOF in multi-line statement

SyntaxError in line 32 of /home/jeszyman/repos/atac-seq/workflow/tmp.smk:
EOF in multi-line statement (tmp.smk, line 32)
