Building DAG of jobs...
Using shell: /bin/bash
Provided cores: 4
Rules claiming more threads will be scaled down.
Job stats:
job                 count    min threads    max threads
----------------  -------  -------------  -------------
all                     1              1              1
make_peak_counts        2              1              1
total                   3              1              1

Resources before job selection: {'_cores': 4, '_nodes': 9223372036854775807}
Ready jobs (2):
	make_peak_counts
	make_peak_counts
Select jobs to execute...
Selected jobs (2):
	make_peak_counts
	make_peak_counts
Resources after job selection: {'_cores': 2, '_nodes': 9223372036854775805}

[Tue May 10 13:30:25 2022]
rule make_peak_counts:
    input: test/bam/atac1_regfilt_tn5.bam, test/bam/atac2_regfilt_tn5.bam, test/bam/atac3_regfilt_tn5.bam, test/bam/atac4_regfilt_tn5.bam
    output: test/csaw/background_counts_all_regfilt_rse.rds, test/csaw/counts_all_regfilt_rse.rds
    log: test/logs/make_peak_counts_regfilt.log
    jobid: 18
    wildcards: bam_process=regfilt
    resources: tmpdir=/tmp


        Rscript workflow/scripts/select_window_size.R         "test/bam/atac1_regfilt_tn5.bam test/bam/atac2_regfilt_tn5.bam test/bam/atac3_regfilt_tn5.bam test/bam/atac4_regfilt_tn5.bam"         4         test/csaw/background_counts_all_regfilt_rse.rds         test/csaw/counts_all_regfilt_rse.rds         >& test/logs/make_peak_counts_regfilt.log
        
 singularity  exec --home /home/jeszyman/repos/atac-seq --bind /home/jeszyman:/home/jeszyman --bind /mnt:/mnt --bind /opt/miniconda3/envs/snakemake/lib/python3.9/site-packages:/mnt/snakemake /home/jeszyman/sing_containers/atac.sif bash -c 'Rscript workflow/scripts/select_window_size.R         "test/bam/atac1_regfilt_tn5.bam test/bam/atac2_regfilt_tn5.bam test/bam/atac3_regfilt_tn5.bam test/bam/atac4_regfilt_tn5.bam"         4         test/csaw/background_counts_all_regfilt_rse.rds         test/csaw/counts_all_regfilt_rse.rds         >& test/logs/make_peak_counts_regfilt.log'
Activating singularity image /home/jeszyman/sing_containers/atac.sif

[Tue May 10 13:30:25 2022]
rule make_peak_counts:
    input: test/bam/atac1_open_tn5.bam, test/bam/atac2_open_tn5.bam, test/bam/atac3_open_tn5.bam, test/bam/atac4_open_tn5.bam
    output: test/csaw/background_counts_all_open_rse.rds, test/csaw/counts_all_open_rse.rds
    log: test/logs/make_peak_counts_open.log
    jobid: 17
    wildcards: bam_process=open
    resources: tmpdir=/tmp


        Rscript workflow/scripts/select_window_size.R         "test/bam/atac1_open_tn5.bam test/bam/atac2_open_tn5.bam test/bam/atac3_open_tn5.bam test/bam/atac4_open_tn5.bam"         4         test/csaw/background_counts_all_open_rse.rds         test/csaw/counts_all_open_rse.rds         >& test/logs/make_peak_counts_open.log
        
 singularity  exec --home /home/jeszyman/repos/atac-seq --bind /home/jeszyman:/home/jeszyman --bind /mnt:/mnt --bind /opt/miniconda3/envs/snakemake/lib/python3.9/site-packages:/mnt/snakemake /home/jeszyman/sing_containers/atac.sif bash -c 'Rscript workflow/scripts/select_window_size.R         "test/bam/atac1_open_tn5.bam test/bam/atac2_open_tn5.bam test/bam/atac3_open_tn5.bam test/bam/atac4_open_tn5.bam"         4         test/csaw/background_counts_all_open_rse.rds         test/csaw/counts_all_open_rse.rds         >& test/logs/make_peak_counts_open.log'
Activating singularity image /home/jeszyman/sing_containers/atac.sif
Full Traceback (most recent call last):
  File "/opt/miniconda3/envs/snakemake/lib/python3.9/site-packages/snakemake/executors/__init__.py", line 2372, in run_wrapper
    run(
  File "/home/jeszyman/repos/atac-seq/workflow/peak_call_and_dif.smk", line 82, in __rule_make_peak_counts
  File "/opt/miniconda3/envs/snakemake/lib/python3.9/site-packages/snakemake/shell.py", line 263, in __new__
    raise sp.CalledProcessError(retcode, cmd)
subprocess.CalledProcessError: Command ' singularity  exec --home /home/jeszyman/repos/atac-seq --bind /home/jeszyman:/home/jeszyman --bind /mnt:/mnt --bind /opt/miniconda3/envs/snakemake/lib/python3.9/site-packages:/mnt/snakemake /home/jeszyman/sing_containers/atac.sif bash -c 'Rscript workflow/scripts/select_window_size.R         "test/bam/atac1_open_tn5.bam test/bam/atac2_open_tn5.bam test/bam/atac3_open_tn5.bam test/bam/atac4_open_tn5.bam"         4         test/csaw/background_counts_all_open_rse.rds         test/csaw/counts_all_open_rse.rds         >& test/logs/make_peak_counts_open.log'' returned non-zero exit status 1.

[Tue May 10 13:30:33 2022]
Error in rule make_peak_counts:
    jobid: 17
    output: test/csaw/background_counts_all_open_rse.rds, test/csaw/counts_all_open_rse.rds
    log: test/logs/make_peak_counts_open.log (check log file(s) for error message)
    shell:
        
        Rscript workflow/scripts/select_window_size.R         "test/bam/atac1_open_tn5.bam test/bam/atac2_open_tn5.bam test/bam/atac3_open_tn5.bam test/bam/atac4_open_tn5.bam"         4         test/csaw/background_counts_all_open_rse.rds         test/csaw/counts_all_open_rse.rds         >& test/logs/make_peak_counts_open.log
        
        (one of the commands exited with non-zero exit code; note that snakemake uses bash strict mode!)

Full Traceback (most recent call last):
  File "/opt/miniconda3/envs/snakemake/lib/python3.9/site-packages/snakemake/executors/__init__.py", line 2372, in run_wrapper
    run(
  File "/home/jeszyman/repos/atac-seq/workflow/peak_call_and_dif.smk", line 82, in __rule_make_peak_counts
  File "/opt/miniconda3/envs/snakemake/lib/python3.9/site-packages/snakemake/shell.py", line 263, in __new__
    raise sp.CalledProcessError(retcode, cmd)
subprocess.CalledProcessError: Command ' singularity  exec --home /home/jeszyman/repos/atac-seq --bind /home/jeszyman:/home/jeszyman --bind /mnt:/mnt --bind /opt/miniconda3/envs/snakemake/lib/python3.9/site-packages:/mnt/snakemake /home/jeszyman/sing_containers/atac.sif bash -c 'Rscript workflow/scripts/select_window_size.R         "test/bam/atac1_open_tn5.bam test/bam/atac2_open_tn5.bam test/bam/atac3_open_tn5.bam test/bam/atac4_open_tn5.bam"         4         test/csaw/background_counts_all_open_rse.rds         test/csaw/counts_all_open_rse.rds         >& test/logs/make_peak_counts_open.log'' returned non-zero exit status 1.

During handling of the above exception, another exception occurred:

Traceback (most recent call last):
  File "/opt/miniconda3/envs/snakemake/lib/python3.9/site-packages/snakemake/executors/__init__.py", line 592, in _callback
    raise ex
  File "/opt/miniconda3/envs/snakemake/lib/python3.9/concurrent/futures/thread.py", line 52, in run
    result = self.fn(*self.args, **self.kwargs)
  File "/opt/miniconda3/envs/snakemake/lib/python3.9/site-packages/snakemake/executors/__init__.py", line 578, in cached_or_run
    run_func(*args)
  File "/opt/miniconda3/envs/snakemake/lib/python3.9/site-packages/snakemake/executors/__init__.py", line 2405, in run_wrapper
    raise RuleException(
snakemake.exceptions.RuleException: CalledProcessError in line 34 of /home/jeszyman/repos/atac-seq/workflow/peak_call_and_dif.smk:
Command ' singularity  exec --home /home/jeszyman/repos/atac-seq --bind /home/jeszyman:/home/jeszyman --bind /mnt:/mnt --bind /opt/miniconda3/envs/snakemake/lib/python3.9/site-packages:/mnt/snakemake /home/jeszyman/sing_containers/atac.sif bash -c 'Rscript workflow/scripts/select_window_size.R         "test/bam/atac1_open_tn5.bam test/bam/atac2_open_tn5.bam test/bam/atac3_open_tn5.bam test/bam/atac4_open_tn5.bam"         4         test/csaw/background_counts_all_open_rse.rds         test/csaw/counts_all_open_rse.rds         >& test/logs/make_peak_counts_open.log'' returned non-zero exit status 1.
  File "/home/jeszyman/repos/atac-seq/workflow/peak_call_and_dif.smk", line 34, in __rule_make_peak_counts

RuleException:
CalledProcessError in line 34 of /home/jeszyman/repos/atac-seq/workflow/peak_call_and_dif.smk:
Command ' singularity  exec --home /home/jeszyman/repos/atac-seq --bind /home/jeszyman:/home/jeszyman --bind /mnt:/mnt --bind /opt/miniconda3/envs/snakemake/lib/python3.9/site-packages:/mnt/snakemake /home/jeszyman/sing_containers/atac.sif bash -c 'Rscript workflow/scripts/select_window_size.R         "test/bam/atac1_open_tn5.bam test/bam/atac2_open_tn5.bam test/bam/atac3_open_tn5.bam test/bam/atac4_open_tn5.bam"         4         test/csaw/background_counts_all_open_rse.rds         test/csaw/counts_all_open_rse.rds         >& test/logs/make_peak_counts_open.log'' returned non-zero exit status 1.
  File "/home/jeszyman/repos/atac-seq/workflow/peak_call_and_dif.smk", line 34, in __rule_make_peak_counts
  File "/opt/miniconda3/envs/snakemake/lib/python3.9/concurrent/futures/thread.py", line 52, in run
Full Traceback (most recent call last):
  File "/opt/miniconda3/envs/snakemake/lib/python3.9/site-packages/snakemake/executors/__init__.py", line 2372, in run_wrapper
    run(
  File "/home/jeszyman/repos/atac-seq/workflow/peak_call_and_dif.smk", line 82, in __rule_make_peak_counts
  File "/opt/miniconda3/envs/snakemake/lib/python3.9/site-packages/snakemake/shell.py", line 263, in __new__
    raise sp.CalledProcessError(retcode, cmd)
subprocess.CalledProcessError: Command ' singularity  exec --home /home/jeszyman/repos/atac-seq --bind /home/jeszyman:/home/jeszyman --bind /mnt:/mnt --bind /opt/miniconda3/envs/snakemake/lib/python3.9/site-packages:/mnt/snakemake /home/jeszyman/sing_containers/atac.sif bash -c 'Rscript workflow/scripts/select_window_size.R         "test/bam/atac1_regfilt_tn5.bam test/bam/atac2_regfilt_tn5.bam test/bam/atac3_regfilt_tn5.bam test/bam/atac4_regfilt_tn5.bam"         4         test/csaw/background_counts_all_regfilt_rse.rds         test/csaw/counts_all_regfilt_rse.rds         >& test/logs/make_peak_counts_regfilt.log'' returned non-zero exit status 1.

[Tue May 10 13:30:33 2022]
Error in rule make_peak_counts:
    jobid: 18
    output: test/csaw/background_counts_all_regfilt_rse.rds, test/csaw/counts_all_regfilt_rse.rds
    log: test/logs/make_peak_counts_regfilt.log (check log file(s) for error message)
    shell:
        
        Rscript workflow/scripts/select_window_size.R         "test/bam/atac1_regfilt_tn5.bam test/bam/atac2_regfilt_tn5.bam test/bam/atac3_regfilt_tn5.bam test/bam/atac4_regfilt_tn5.bam"         4         test/csaw/background_counts_all_regfilt_rse.rds         test/csaw/counts_all_regfilt_rse.rds         >& test/logs/make_peak_counts_regfilt.log
        
        (one of the commands exited with non-zero exit code; note that snakemake uses bash strict mode!)

Full Traceback (most recent call last):
  File "/opt/miniconda3/envs/snakemake/lib/python3.9/site-packages/snakemake/executors/__init__.py", line 2372, in run_wrapper
    run(
  File "/home/jeszyman/repos/atac-seq/workflow/peak_call_and_dif.smk", line 82, in __rule_make_peak_counts
  File "/opt/miniconda3/envs/snakemake/lib/python3.9/site-packages/snakemake/shell.py", line 263, in __new__
    raise sp.CalledProcessError(retcode, cmd)
subprocess.CalledProcessError: Command ' singularity  exec --home /home/jeszyman/repos/atac-seq --bind /home/jeszyman:/home/jeszyman --bind /mnt:/mnt --bind /opt/miniconda3/envs/snakemake/lib/python3.9/site-packages:/mnt/snakemake /home/jeszyman/sing_containers/atac.sif bash -c 'Rscript workflow/scripts/select_window_size.R         "test/bam/atac1_regfilt_tn5.bam test/bam/atac2_regfilt_tn5.bam test/bam/atac3_regfilt_tn5.bam test/bam/atac4_regfilt_tn5.bam"         4         test/csaw/background_counts_all_regfilt_rse.rds         test/csaw/counts_all_regfilt_rse.rds         >& test/logs/make_peak_counts_regfilt.log'' returned non-zero exit status 1.

During handling of the above exception, another exception occurred:

Traceback (most recent call last):
  File "/opt/miniconda3/envs/snakemake/lib/python3.9/site-packages/snakemake/executors/__init__.py", line 592, in _callback
    raise ex
  File "/opt/miniconda3/envs/snakemake/lib/python3.9/concurrent/futures/thread.py", line 52, in run
    result = self.fn(*self.args, **self.kwargs)
  File "/opt/miniconda3/envs/snakemake/lib/python3.9/site-packages/snakemake/executors/__init__.py", line 578, in cached_or_run
    run_func(*args)
  File "/opt/miniconda3/envs/snakemake/lib/python3.9/site-packages/snakemake/executors/__init__.py", line 2405, in run_wrapper
    raise RuleException(
snakemake.exceptions.RuleException: CalledProcessError in line 34 of /home/jeszyman/repos/atac-seq/workflow/peak_call_and_dif.smk:
Command ' singularity  exec --home /home/jeszyman/repos/atac-seq --bind /home/jeszyman:/home/jeszyman --bind /mnt:/mnt --bind /opt/miniconda3/envs/snakemake/lib/python3.9/site-packages:/mnt/snakemake /home/jeszyman/sing_containers/atac.sif bash -c 'Rscript workflow/scripts/select_window_size.R         "test/bam/atac1_regfilt_tn5.bam test/bam/atac2_regfilt_tn5.bam test/bam/atac3_regfilt_tn5.bam test/bam/atac4_regfilt_tn5.bam"         4         test/csaw/background_counts_all_regfilt_rse.rds         test/csaw/counts_all_regfilt_rse.rds         >& test/logs/make_peak_counts_regfilt.log'' returned non-zero exit status 1.
  File "/home/jeszyman/repos/atac-seq/workflow/peak_call_and_dif.smk", line 34, in __rule_make_peak_counts

RuleException:
CalledProcessError in line 34 of /home/jeszyman/repos/atac-seq/workflow/peak_call_and_dif.smk:
Command ' singularity  exec --home /home/jeszyman/repos/atac-seq --bind /home/jeszyman:/home/jeszyman --bind /mnt:/mnt --bind /opt/miniconda3/envs/snakemake/lib/python3.9/site-packages:/mnt/snakemake /home/jeszyman/sing_containers/atac.sif bash -c 'Rscript workflow/scripts/select_window_size.R         "test/bam/atac1_regfilt_tn5.bam test/bam/atac2_regfilt_tn5.bam test/bam/atac3_regfilt_tn5.bam test/bam/atac4_regfilt_tn5.bam"         4         test/csaw/background_counts_all_regfilt_rse.rds         test/csaw/counts_all_regfilt_rse.rds         >& test/logs/make_peak_counts_regfilt.log'' returned non-zero exit status 1.
  File "/home/jeszyman/repos/atac-seq/workflow/peak_call_and_dif.smk", line 34, in __rule_make_peak_counts
  File "/opt/miniconda3/envs/snakemake/lib/python3.9/concurrent/futures/thread.py", line 52, in run
Shutting down, this might take some time.
Exiting because a job execution failed. Look above for error message
Complete log: /home/jeszyman/repos/atac-seq/.snakemake/log/2022-05-10T133025.564564.snakemake.log
unlocking
removing lock
removing lock
removed all locks
